░░ Support: https://lists.freedesktop.org/mailman/listinfo/systemd-devel
░░ 
░░ A start job for unit nix-daemon.service has finished with a failure.
░░ 
░░ The job identifier is 7071 and the job result is failed.
Jun 08 16:19:10 nixt460 systemd[1]: nix-daemon.service: Failed to load environment files: No such file or directory
Jun 08 16:19:10 nixt460 systemd[1]: nix-daemon.service: Failed to spawn 'start' task: No such file or directory
Jun 08 16:19:10 nixt460 systemd[1]: nix-daemon.service: Failed with result 'resources'.
░░ Subject: Unit failed
░░ Defined-By: systemd
░░ Support: https://lists.freedesktop.org/mailman/listinfo/systemd-devel
░░ 
░░ The unit nix-daemon.service has entered the 'failed' state with result 'resources'.
Jun 08 16:19:10 nixt460 systemd[1]: Failed to start Nix Daemon.
░░ Subject: A start job for unit nix-daemon.service has failed
░░ Defined-By: systemd
░░ Support: https://lists.freedesktop.org/mailman/listinfo/systemd-devel
░░ 
░░ A start job for unit nix-daemon.service has finished with a failure.
░░ 
░░ The job identifier is 7153 and the job result is failed.
Jun 08 16:19:10 nixt460 systemd[1]: nix-daemon.service: Failed to load environment files: No such file or directory
Jun 08 16:19:10 nixt460 systemd[1]: nix-daemon.service: Failed to spawn 'start' task: No such file or directory
Jun 08 16:19:10 nixt460 systemd[1]: nix-daemon.service: Failed with result 'resources'.
░░ Subject: Unit failed
░░ Defined-By: systemd
░░ Support: https://lists.freedesktop.org/mailman/listinfo/systemd-devel
░░ 
░░ The unit nix-daemon.service has entered the 'failed' state with result 'resources'.
Jun 08 16:19:10 nixt460 systemd[1]: Failed to start Nix Daemon.
░░ Subject: A start job for unit nix-daemon.service has failed
░░ Defined-By: systemd
░░ Support: https://lists.freedesktop.org/mailman/listinfo/systemd-devel
░░ 
░░ A start job for unit nix-daemon.service has finished with a failure.
░░ 
░░ The job identifier is 7235 and the job result is failed.
Jun 08 16:19:10 nixt460 systemd[1]: nix-daemon.service: Failed to load environment files: No such file or directory
Jun 08 16:19:10 nixt460 systemd[1]: nix-daemon.service: Failed to spawn 'start' task: No such file or directory
Jun 08 16:19:10 nixt460 systemd[1]: nix-daemon.service: Failed with result 'resources'.
░░ Subject: Unit failed
░░ Defined-By: systemd
░░ Support: https://lists.freedesktop.org/mailman/listinfo/systemd-devel
░░ 
░░ The unit nix-daemon.service has entered the 'failed' state with result 'resources'.
Jun 08 16:19:10 nixt460 systemd[1]: Failed to start Nix Daemon.
░░ Subject: A start job for unit nix-daemon.service has failed
░░ Defined-By: systemd
░░ Support: https://lists.freedesktop.org/mailman/listinfo/systemd-devel
░░ 
░░ A start job for unit nix-daemon.service has finished with a failure.
░░ 
░░ The job identifier is 7317 and the job result is failed.
Jun 08 16:19:10 nixt460 systemd[1]: nix-daemon.service: Start request repeated too quickly.
Jun 08 16:19:10 nixt460 systemd[1]: nix-daemon.service: Failed with result 'resources'.
░░ Subject: Unit failed
░░ Defined-By: systemd
░░ Support: https://lists.freedesktop.org/mailman/listinfo/systemd-devel
░░ 
░░ The unit nix-daemon.service has entered the 'failed' state with result 'resources'.
Jun 08 16:19:10 nixt460 systemd[1]: Failed to start Nix Daemon.
░░ Subject: A start job for unit nix-daemon.service has failed
░░ Defined-By: systemd
░░ Support: https://lists.freedesktop.org/mailman/listinfo/systemd-devel
░░ 
░░ A start job for unit nix-daemon.service has finished with a failure.
░░ 
░░ The job identifier is 7399 and the job result is failed.
Jun 08 16:23:50 nixt460 systemd[1]: nix-daemon.service: Failed to load environment files: No such file or directory
Jun 08 16:23:50 nixt460 systemd[1]: nix-daemon.service: Failed to spawn 'start' task: No such file or directory
Jun 08 16:23:50 nixt460 systemd[1]: nix-daemon.service: Failed with result 'resources'.
░░ Subject: Unit failed
░░ Defined-By: systemd
░░ Support: https://lists.freedesktop.org/mailman/listinfo/systemd-devel
░░ 
░░ The unit nix-daemon.service has entered the 'failed' state with result 'resources'.
Jun 08 16:23:50 nixt460 systemd[1]: Failed to start Nix Daemon.
░░ Subject: A start job for unit nix-daemon.service has failed
░░ Defined-By: systemd
░░ Support: https://lists.freedesktop.org/mailman/listinfo/systemd-devel
░░ 
░░ A start job for unit nix-daemon.service has finished with a failure.
░░ 
░░ The job identifier is 7494 and the job result is failed.
Jun 08 16:25:23 nixt460 systemd[1]: nix-daemon.service: Failed to load environment files: No such file or directory
Jun 08 16:25:23 nixt460 systemd[1]: nix-daemon.service: Failed to spawn 'start' task: No such file or directory
Jun 08 16:25:23 nixt460 systemd[1]: nix-daemon.service: Failed with result 'resources'.
░░ Subject: Unit failed
░░ Defined-By: systemd
░░ Support: https://lists.freedesktop.org/mailman/listinfo/systemd-devel
░░ 
░░ The unit nix-daemon.service has entered the 'failed' state with result 'resources'.
Jun 08 16:25:23 nixt460 systemd[1]: Failed to start Nix Daemon.
░░ Subject: A start job for unit nix-daemon.service has failed
░░ Defined-By: systemd
░░ Support: https://lists.freedesktop.org/mailman/listinfo/systemd-devel
░░ 
░░ A start job for unit nix-daemon.service has finished with a failure.
░░ 
░░ The job identifier is 7576 and the job result is failed.
