--- Rebuild started at Thu Jul 24 05:47:49 PM PDT 2025 for nixhq ---
Building system configuration for nixhq...
Running: sudo nixos-rebuild switch --flake ".#nixhq"
warning: Git tree '/home/miscguy/coding/nixos' is dirty
building the system configuration...
warning: Git tree '/home/miscguy/coding/nixos' is dirty
these 5 derivations will be built:
  /nix/store/jv08x6ifl4gi1h664psqm9glx0lh7dyf-python3-3.12.10-env.drv
  /nix/store/c45b9a4j2qjk0fciq165qvw1cxbhisld-unit-greek-reader.service.drv
  /nix/store/vqzxqd3drbk20056523h0j4cjfx9g8ay-system-units.drv
  /nix/store/hx79pdvx844h315n1y3gmfx5ly5dz1jp-etc.drv
  /nix/store/bp3q7hfr6rhiwp8jmsl3jwcdas7czlr5-nixos-system-nixhq-25.05.20250612.fd48718.drv
building '/nix/store/jv08x6ifl4gi1h664psqm9glx0lh7dyf-python3-3.12.10-env.drv'...
building '/nix/store/c45b9a4j2qjk0fciq165qvw1cxbhisld-unit-greek-reader.service.drv'...
building '/nix/store/vqzxqd3drbk20056523h0j4cjfx9g8ay-system-units.drv'...
building '/nix/store/hx79pdvx844h315n1y3gmfx5ly5dz1jp-etc.drv'...
building '/nix/store/bp3q7hfr6rhiwp8jmsl3jwcdas7czlr5-nixos-system-nixhq-25.05.20250612.fd48718.drv'...
stopping the following units: greek-reader.service
activating the configuration...
setting up /etc...
Setting GitHub token in nix.conf
reloading user units for miscguy...
restarting sysinit-reactivation.target
starting the following units: greek-reader.service
the following new units were started: NetworkManager-dispatcher.service
Done. The new configuration is /nix/store/h2vjb0gszjvy3c7931vw0vdl4h03va4j-nixos-system-nixhq-25.05.20250612.fd48718
Build successful! Committing changes...
Running: git pull
Already up to date.
--- Rebuild completed successfully at Thu Jul 24 05:48:16 PM PDT 2025 ---
Running: git add flake.* hq/* shared/* common/* "hq/rebuild.log"
