--- Rebuild started at Sun Jun 15 04:37:45 PM PDT 2025 for nixt15g ---
Building system configuration for nixt15g...
Running: sudo nixos-rebuild switch --flake ".#nixt15g"
warning: Git tree '/home/miscguy/nixos' is dirty
building the system configuration...
warning: Git tree '/home/miscguy/nixos' is dirty
evaluation warning: The option `hardware.pulseaudio' defined in `/nix/store/1asrdaihw7vqdwpa9dxw08cx0g23zsy3-source/t15g/configuration.nix' has been renamed to `services.pulseaudio'.
these 18 derivations will be built:
  /nix/store/g42ywkwbq5kh4np7i2rgh1wbmvpmhm7m-linux-6.12.33-modules.drv
  /nix/store/pd6ik6xkj0w806610q41dp018k80hd18-linux-6.12.33-modules-shrunk.drv
  /nix/store/yigw2dp8416hpwbr845a5wjfnnby6x7z-closure-info.drv
  /nix/store/3ybivnsq2sqmwzl2alaybipg2lgksl9j-initrd-linux-6.12.33.drv
  /nix/store/igs03xlmd4p1hbazp9mjlkz2raa8wjz9-boot.json.drv
  /nix/store/3zcxpv00mmz40cigz1xrqn8bd291znac-extra-udev-rules.drv
  /nix/store/iz1jzs3qm1q3a08g3dj85i0cw5s3m8v6-displaylink-6.1.0-17.drv
  /nix/store/3z6nvphqihf2h0wwmdgpfw4sz0sxb6vq-udev-rules.drv
  /nix/store/djw15ha4jfjgwgc802kj96h9j314hhqj-nixos.conf.drv
  /nix/store/4fg77hnsxs9fyxc99472pvhpp9sx0kvc-unit-dlm.service.drv
  /nix/store/lq2a1c0v6x063fyg9kk618kwbgn5kvvf-X-Restart-Triggers-systemd-modules-load.drv
  /nix/store/hxsq224xc1giixnx5ss8ls9fac4gc62x-unit-systemd-modules-load.service.drv
  /nix/store/51y08nyh0wxx7z3k69wx5dsv94cnaks2-X-Restart-Triggers-systemd-udevd.drv
  /nix/store/z3x3wa8ryyw77jq9vmnw2fl2dga0s1fn-unit-systemd-udevd.service.drv
  /nix/store/ds8r5iw2z6f6p87ysmh6sfxbn15zh9lj-system-units.drv
  /nix/store/wj2jjr5adbjbl4ljx8scqr0nl7hicfys-hwdb.bin.drv
  /nix/store/p6psbg4qd2jgkfg4lxgwm78wc9fb219d-etc.drv
  /nix/store/3h21qjb6fi5bbi9231b16zhgyazqji0p-nixos-system-nixt15g-25.05.20250612.fd48718.drv
this path will be fetched (0.05 MiB download, 0.29 MiB unpacked):
  /nix/store/h11kss44i0ma5q9la2cfiwy87y71l4il-evdi-1.14.10
copying path '/nix/store/h11kss44i0ma5q9la2cfiwy87y71l4il-evdi-1.14.10' from 'https://cache.nixos.org'...
building '/nix/store/djw15ha4jfjgwgc802kj96h9j314hhqj-nixos.conf.drv'...
building '/nix/store/3zcxpv00mmz40cigz1xrqn8bd291znac-extra-udev-rules.drv'...
building '/nix/store/lq2a1c0v6x063fyg9kk618kwbgn5kvvf-X-Restart-Triggers-systemd-modules-load.drv'...
building '/nix/store/iz1jzs3qm1q3a08g3dj85i0cw5s3m8v6-displaylink-6.1.0-17.drv'...
building '/nix/store/g42ywkwbq5kh4np7i2rgh1wbmvpmhm7m-linux-6.12.33-modules.drv'...
building '/nix/store/hxsq224xc1giixnx5ss8ls9fac4gc62x-unit-systemd-modules-load.service.drv'...
building '/nix/store/wj2jjr5adbjbl4ljx8scqr0nl7hicfys-hwdb.bin.drv'...
building '/nix/store/3z6nvphqihf2h0wwmdgpfw4sz0sxb6vq-udev-rules.drv'...
building '/nix/store/4fg77hnsxs9fyxc99472pvhpp9sx0kvc-unit-dlm.service.drv'...
building '/nix/store/51y08nyh0wxx7z3k69wx5dsv94cnaks2-X-Restart-Triggers-systemd-udevd.drv'...
building '/nix/store/z3x3wa8ryyw77jq9vmnw2fl2dga0s1fn-unit-systemd-udevd.service.drv'...
building '/nix/store/ds8r5iw2z6f6p87ysmh6sfxbn15zh9lj-system-units.drv'...
building '/nix/store/p6psbg4qd2jgkfg4lxgwm78wc9fb219d-etc.drv'...
building '/nix/store/pd6ik6xkj0w806610q41dp018k80hd18-linux-6.12.33-modules-shrunk.drv'...
building '/nix/store/yigw2dp8416hpwbr845a5wjfnnby6x7z-closure-info.drv'...
building '/nix/store/3ybivnsq2sqmwzl2alaybipg2lgksl9j-initrd-linux-6.12.33.drv'...
building '/nix/store/igs03xlmd4p1hbazp9mjlkz2raa8wjz9-boot.json.drv'...
building '/nix/store/3h21qjb6fi5bbi9231b16zhgyazqji0p-nixos-system-nixt15g-25.05.20250612.fd48718.drv'...
stopping the following units: systemd-modules-load.service
NOT restarting the following changed units: display-manager.service
activating the configuration...
setting up /etc...
reloading user units for miscguy...
restarting sysinit-reactivation.target
restarting the following units: systemd-udevd.service
starting the following units: systemd-modules-load.service
the following new units were started: dlm.service, NetworkManager-dispatcher.service
Done. The new configuration is /nix/store/sgpmpb35zcdfm1gmdgyxx7qgamwnr3ha-nixos-system-nixt15g-25.05.20250612.fd48718
Build successful! Committing changes...
Running: git pull
Already up to date.
--- Rebuild completed successfully at Sun Jun 15 04:38:10 PM PDT 2025 ---
Running: git add flake.* t15g/* shared/* common/* "t15g/rebuild.log"
